<?xml version="1.0" encoding="UTF-8"?>
<!-- Generated by org.testng.reporters.JUnitXMLReporter -->
<testsuite ignored="0" hostname="IN2-1018546LT1" failures="1" tests="5" name="Test" time="197.072" errors="0"
           timestamp="26 Jan 2019 11:45:53 GMT">
    <testcase classname="academy.HomePage" name="initialize" time="21.058"/>
    <testcase classname="academy.HomePage" name="initialize" time="20.196"/>
    <testcase classname="academy.HomePage" name="initialize" time="19.814"/>
    <testcase classname="academy.AssertionTestCase" name="basePageNavigation" time="10.043"/>
    <testcase classname="academy.ValaidateNavigationBar" name="validateNavBar" time="10.048">
        <failure type="java.lang.AssertionError" message="expected [true] but found [false]">
            <![CDATA[java.lang.AssertionError: expected [true] but found [false]
at academy.ValaidateNavigationBar.validateNavBar(ValaidateNavigationBar.java:43)
... Removed 29 stack frames]]>
        </failure>
    </testcase> <!-- validateNavBar -->
</testsuite> <!-- Test -->
